<?xml version="1.0" encoding="UTF-8"?>
<!-- Generated by org.testng.reporters.JUnitReportReporter -->
<testsuite hostname="LAPTOP-2BM44HDP" failures="0" tests="1" name="com.cjc.MercuryTours" time="4.946" errors="0" timestamp="2021-04-12T15:45:05 IST" skipped="0">
  <testcase classname="com.cjc.MercuryTours" name="m5" time="4.946"/>
  <system-out/>
</testsuite> <!-- com.cjc.MercuryTours -->
